{"total": {"lines":{"total":3645,"covered":2882,"skipped":0,"pct":79.06},"statements":{"total":3645,"covered":2882,"skipped":0,"pct":79.06},"functions":{"total":140,"covered":84,"skipped":0,"pct":60},"branches":{"total":751,"covered":571,"skipped":0,"pct":76.03},"branchesTrue":{"total":0,"covered":0,"skipped":0,"pct":"Unknown"}}
,"/Users/gregorygabbert/Projects/revenuepilot/src/components/ClipboardExportButtons.jsx": {"lines":{"total":127,"covered":117,"skipped":0,"pct":92.12},"functions":{"total":8,"covered":8,"skipped":0,"pct":100},"statements":{"total":127,"covered":117,"skipped":0,"pct":92.12},"branches":{"total":27,"covered":13,"skipped":0,"pct":48.14}}
,"/Users/gregorygabbert/Projects/revenuepilot/src/components/Dashboard.jsx": {"lines":{"total":857,"covered":814,"skipped":0,"pct":94.98},"functions":{"total":14,"covered":8,"skipped":0,"pct":57.14},"statements":{"total":857,"covered":814,"skipped":0,"pct":94.98},"branches":{"total":270,"covered":235,"skipped":0,"pct":87.03}}
,"/Users/gregorygabbert/Projects/revenuepilot/src/components/Login.jsx": {"lines":{"total":394,"covered":291,"skipped":0,"pct":73.85},"functions":{"total":15,"covered":9,"skipped":0,"pct":60},"statements":{"total":394,"covered":291,"skipped":0,"pct":73.85},"branches":{"total":72,"covered":49,"skipped":0,"pct":68.05}}
,"/Users/gregorygabbert/Projects/revenuepilot/src/components/NoteEditor.jsx": {"lines":{"total":945,"covered":597,"skipped":0,"pct":63.17},"functions":{"total":35,"covered":19,"skipped":0,"pct":54.28},"statements":{"total":945,"covered":597,"skipped":0,"pct":63.17},"branches":{"total":151,"covered":105,"skipped":0,"pct":69.53}}
,"/Users/gregorygabbert/Projects/revenuepilot/src/components/Settings.jsx": {"lines":{"total":736,"covered":545,"skipped":0,"pct":74.04},"functions":{"total":41,"covered":19,"skipped":0,"pct":46.34},"statements":{"total":736,"covered":545,"skipped":0,"pct":74.04},"branches":{"total":76,"covered":39,"skipped":0,"pct":51.31}}
,"/Users/gregorygabbert/Projects/revenuepilot/src/components/Sidebar.jsx": {"lines":{"total":33,"covered":33,"skipped":0,"pct":100},"functions":{"total":2,"covered":2,"skipped":0,"pct":100},"statements":{"total":33,"covered":33,"skipped":0,"pct":100},"branches":{"total":8,"covered":8,"skipped":0,"pct":100}}
,"/Users/gregorygabbert/Projects/revenuepilot/src/components/SuggestionPanel.jsx": {"lines":{"total":304,"covered":284,"skipped":0,"pct":93.42},"functions":{"total":13,"covered":10,"skipped":0,"pct":76.92},"statements":{"total":304,"covered":284,"skipped":0,"pct":93.42},"branches":{"total":104,"covered":89,"skipped":0,"pct":85.57}}
,"/Users/gregorygabbert/Projects/revenuepilot/src/components/TemplatesModal.jsx": {"lines":{"total":249,"covered":201,"skipped":0,"pct":80.72},"functions":{"total":12,"covered":9,"skipped":0,"pct":75},"statements":{"total":249,"covered":201,"skipped":0,"pct":80.72},"branches":{"total":43,"covered":33,"skipped":0,"pct":76.74}}
}
